{"/Users/miguelgarcia/projects/CodeChallenge/Femsa/src/assets/images/placeholder.png": {"path":"/Users/miguelgarcia/projects/CodeChallenge/Femsa/src/assets/images/placeholder.png","statementMap":{"0":{"start":{"line":1,"column":0},"end":{"line":4,"column":6}}},"fnMap":{},"branchMap":{},"s":{"0":1},"f":{},"b":{},"_coverageSchema":"1a1c01bbd47fc00a2c39e90264f33305004495a9","hash":"d4983e53691d0690cac3a05c044f1368fd3635b5"}
,"/Users/miguelgarcia/projects/CodeChallenge/Femsa/src/components/Button.tsx": {"path":"/Users/miguelgarcia/projects/CodeChallenge/Femsa/src/components/Button.tsx","statementMap":{"0":{"start":{"line":9,"column":15},"end":{"line":17,"column":1}},"1":{"start":{"line":10,"column":2},"end":{"line":16,"column":4}}},"fnMap":{"0":{"name":"(anonymous_0)","decl":{"start":{"line":9,"column":15},"end":{"line":9,"column":16}},"loc":{"start":{"line":9,"column":50},"end":{"line":17,"column":1}},"line":9}},"branchMap":{},"s":{"0":1,"1":62},"f":{"0":62},"b":{},"_coverageSchema":"1a1c01bbd47fc00a2c39e90264f33305004495a9","hash":"215b98a837eacfb0c969a2dcb754505ff883c79f"}
,"/Users/miguelgarcia/projects/CodeChallenge/Femsa/src/components/Header.tsx": {"path":"/Users/miguelgarcia/projects/CodeChallenge/Femsa/src/components/Header.tsx","statementMap":{"0":{"start":{"line":9,"column":15},"end":{"line":16,"column":1}},"1":{"start":{"line":10,"column":2},"end":{"line":15,"column":4}}},"fnMap":{"0":{"name":"(anonymous_0)","decl":{"start":{"line":9,"column":15},"end":{"line":9,"column":16}},"loc":{"start":{"line":9,"column":51},"end":{"line":16,"column":1}},"line":9}},"branchMap":{},"s":{"0":1,"1":34},"f":{"0":34},"b":{},"_coverageSchema":"1a1c01bbd47fc00a2c39e90264f33305004495a9","hash":"d02df33d113c6b3b36a65f7ae467ec00eceaa28e"}
,"/Users/miguelgarcia/projects/CodeChallenge/Femsa/src/components/Loading.tsx": {"path":"/Users/miguelgarcia/projects/CodeChallenge/Femsa/src/components/Loading.tsx","statementMap":{"0":{"start":{"line":4,"column":16},"end":{"line":10,"column":1}},"1":{"start":{"line":5,"column":2},"end":{"line":9,"column":4}}},"fnMap":{"0":{"name":"(anonymous_0)","decl":{"start":{"line":4,"column":16},"end":{"line":4,"column":17}},"loc":{"start":{"line":4,"column":22},"end":{"line":10,"column":1}},"line":4}},"branchMap":{},"s":{"0":1,"1":24},"f":{"0":24},"b":{},"_coverageSchema":"1a1c01bbd47fc00a2c39e90264f33305004495a9","hash":"42de8181370eca3e801873c341e8f64cc243c5ea"}
,"/Users/miguelgarcia/projects/CodeChallenge/Femsa/src/components/Section.tsx": {"path":"/Users/miguelgarcia/projects/CodeChallenge/Femsa/src/components/Section.tsx","statementMap":{"0":{"start":{"line":11,"column":16},"end":{"line":20,"column":1}},"1":{"start":{"line":12,"column":2},"end":{"line":19,"column":4}}},"fnMap":{"0":{"name":"(anonymous_0)","decl":{"start":{"line":11,"column":16},"end":{"line":11,"column":17}},"loc":{"start":{"line":11,"column":62},"end":{"line":20,"column":1}},"line":11}},"branchMap":{"0":{"loc":{"start":{"line":17,"column":13},"end":{"line":17,"column":45}},"type":"cond-expr","locations":[{"start":{"line":17,"column":23},"end":{"line":17,"column":34}},{"start":{"line":17,"column":37},"end":{"line":17,"column":45}}],"line":17}},"s":{"0":1,"1":68},"f":{"0":68},"b":{"0":[24,44]},"_coverageSchema":"1a1c01bbd47fc00a2c39e90264f33305004495a9","hash":"fa2dda851f1977b45237bbfbafe2bda68a523de8"}
,"/Users/miguelgarcia/projects/CodeChallenge/Femsa/src/config/index.ts": {"path":"/Users/miguelgarcia/projects/CodeChallenge/Femsa/src/config/index.ts","statementMap":{"0":{"start":{"line":2,"column":2},"end":{"line":2,"column":63}}},"fnMap":{},"branchMap":{},"s":{"0":1},"f":{},"b":{},"_coverageSchema":"1a1c01bbd47fc00a2c39e90264f33305004495a9","hash":"99f15f082263259bc558471add466f98b8c40716"}
,"/Users/miguelgarcia/projects/CodeChallenge/Femsa/src/hooks/useMovements.ts": {"path":"/Users/miguelgarcia/projects/CodeChallenge/Femsa/src/hooks/useMovements.ts","statementMap":{"0":{"start":{"line":11,"column":21},"end":{"line":61,"column":1}},"1":{"start":{"line":12,"column":32},"end":{"line":12,"column":47}},"2":{"start":{"line":13,"column":30},"end":{"line":13,"column":66}},"3":{"start":{"line":14,"column":36},"end":{"line":14,"column":60}},"4":{"start":{"line":15,"column":52},"end":{"line":15,"column":76}},"5":{"start":{"line":16,"column":28},"end":{"line":16,"column":40}},"6":{"start":{"line":18,"column":25},"end":{"line":30,"column":3}},"7":{"start":{"line":19,"column":4},"end":{"line":19,"column":21}},"8":{"start":{"line":20,"column":4},"end":{"line":29,"column":5}},"9":{"start":{"line":21,"column":22},"end":{"line":21,"column":43}},"10":{"start":{"line":22,"column":19},"end":{"line":22,"column":50}},"11":{"start":{"line":24,"column":6},"end":{"line":24,"column":25}},"12":{"start":{"line":26,"column":6},"end":{"line":26,"column":48}},"13":{"start":{"line":28,"column":6},"end":{"line":28,"column":24}},"14":{"start":{"line":32,"column":2},"end":{"line":34,"column":9}},"15":{"start":{"line":33,"column":4},"end":{"line":33,"column":21}},"16":{"start":{"line":36,"column":2},"end":{"line":44,"column":26}},"17":{"start":{"line":37,"column":4},"end":{"line":43,"column":5}},"18":{"start":{"line":38,"column":6},"end":{"line":38,"column":76}},"19":{"start":{"line":38,"column":33},"end":{"line":38,"column":74}},"20":{"start":{"line":38,"column":58},"end":{"line":38,"column":73}},"21":{"start":{"line":39,"column":11},"end":{"line":43,"column":5}},"22":{"start":{"line":40,"column":6},"end":{"line":40,"column":77}},"23":{"start":{"line":40,"column":33},"end":{"line":40,"column":75}},"24":{"start":{"line":40,"column":58},"end":{"line":40,"column":74}},"25":{"start":{"line":42,"column":6},"end":{"line":42,"column":38}},"26":{"start":{"line":46,"column":2},"end":{"line":51,"column":26}},"27":{"start":{"line":47,"column":24},"end":{"line":49,"column":9}},"28":{"start":{"line":48,"column":6},"end":{"line":48,"column":38}},"29":{"start":{"line":50,"column":4},"end":{"line":50,"column":50}},"30":{"start":{"line":53,"column":2},"end":{"line":60,"column":4}}},"fnMap":{"0":{"name":"(anonymous_0)","decl":{"start":{"line":11,"column":21},"end":{"line":11,"column":22}},"loc":{"start":{"line":11,"column":27},"end":{"line":61,"column":1}},"line":11},"1":{"name":"(anonymous_1)","decl":{"start":{"line":18,"column":25},"end":{"line":18,"column":26}},"loc":{"start":{"line":18,"column":37},"end":{"line":30,"column":3}},"line":18},"2":{"name":"(anonymous_2)","decl":{"start":{"line":32,"column":12},"end":{"line":32,"column":13}},"loc":{"start":{"line":32,"column":18},"end":{"line":34,"column":3}},"line":32},"3":{"name":"(anonymous_3)","decl":{"start":{"line":36,"column":12},"end":{"line":36,"column":13}},"loc":{"start":{"line":36,"column":18},"end":{"line":44,"column":3}},"line":36},"4":{"name":"(anonymous_4)","decl":{"start":{"line":38,"column":27},"end":{"line":38,"column":28}},"loc":{"start":{"line":38,"column":33},"end":{"line":38,"column":74}},"line":38},"5":{"name":"(anonymous_5)","decl":{"start":{"line":38,"column":50},"end":{"line":38,"column":51}},"loc":{"start":{"line":38,"column":58},"end":{"line":38,"column":73}},"line":38},"6":{"name":"(anonymous_6)","decl":{"start":{"line":40,"column":27},"end":{"line":40,"column":28}},"loc":{"start":{"line":40,"column":33},"end":{"line":40,"column":75}},"line":40},"7":{"name":"(anonymous_7)","decl":{"start":{"line":40,"column":50},"end":{"line":40,"column":51}},"loc":{"start":{"line":40,"column":58},"end":{"line":40,"column":74}},"line":40},"8":{"name":"(anonymous_8)","decl":{"start":{"line":46,"column":12},"end":{"line":46,"column":13}},"loc":{"start":{"line":46,"column":18},"end":{"line":51,"column":3}},"line":46},"9":{"name":"(anonymous_9)","decl":{"start":{"line":47,"column":57},"end":{"line":47,"column":58}},"loc":{"start":{"line":47,"column":79},"end":{"line":49,"column":5}},"line":47}},"branchMap":{"0":{"loc":{"start":{"line":37,"column":4},"end":{"line":43,"column":5}},"type":"if","locations":[{"start":{"line":37,"column":4},"end":{"line":43,"column":5}},{"start":{"line":39,"column":11},"end":{"line":43,"column":5}}],"line":37},"1":{"loc":{"start":{"line":39,"column":11},"end":{"line":43,"column":5}},"type":"if","locations":[{"start":{"line":39,"column":11},"end":{"line":43,"column":5}},{"start":{"line":41,"column":11},"end":{"line":43,"column":5}}],"line":39}},"s":{"0":1,"1":40,"2":40,"3":40,"4":40,"5":40,"6":40,"7":6,"8":6,"9":6,"10":6,"11":6,"12":0,"13":6,"14":40,"15":6,"16":40,"17":14,"18":1,"19":1,"20":5,"21":13,"22":1,"23":1,"24":5,"25":12,"26":40,"27":20,"28":35,"29":20,"30":40},"f":{"0":40,"1":6,"2":6,"3":14,"4":1,"5":5,"6":1,"7":5,"8":20,"9":35},"b":{"0":[1,13],"1":[1,12]},"_coverageSchema":"1a1c01bbd47fc00a2c39e90264f33305004495a9","hash":"8317a8c2722c15db89963e7272a420d9955f26a8"}
,"/Users/miguelgarcia/projects/CodeChallenge/Femsa/src/screens/Home/index.tsx": {"path":"/Users/miguelgarcia/projects/CodeChallenge/Femsa/src/screens/Home/index.tsx","statementMap":{"0":{"start":{"line":15,"column":13},"end":{"line":51,"column":1}},"1":{"start":{"line":16,"column":14},"end":{"line":16,"column":77}},"2":{"start":{"line":18,"column":4},"end":{"line":18,"column":18}},"3":{"start":{"line":20,"column":26},"end":{"line":21,"column":40}},"4":{"start":{"line":21,"column":4},"end":{"line":21,"column":40}},"5":{"start":{"line":23,"column":34},"end":{"line":23,"column":68}},"6":{"start":{"line":23,"column":40},"end":{"line":23,"column":68}},"7":{"start":{"line":24,"column":39},"end":{"line":24,"column":78}},"8":{"start":{"line":24,"column":45},"end":{"line":24,"column":78}},"9":{"start":{"line":25,"column":34},"end":{"line":25,"column":68}},"10":{"start":{"line":25,"column":40},"end":{"line":25,"column":68}},"11":{"start":{"line":27,"column":2},"end":{"line":50,"column":4}}},"fnMap":{"0":{"name":"(anonymous_0)","decl":{"start":{"line":15,"column":13},"end":{"line":15,"column":14}},"loc":{"start":{"line":15,"column":19},"end":{"line":51,"column":1}},"line":15},"1":{"name":"(anonymous_1)","decl":{"start":{"line":20,"column":26},"end":{"line":20,"column":27}},"loc":{"start":{"line":21,"column":4},"end":{"line":21,"column":40}},"line":21},"2":{"name":"(anonymous_2)","decl":{"start":{"line":23,"column":34},"end":{"line":23,"column":35}},"loc":{"start":{"line":23,"column":40},"end":{"line":23,"column":68}},"line":23},"3":{"name":"(anonymous_3)","decl":{"start":{"line":24,"column":39},"end":{"line":24,"column":40}},"loc":{"start":{"line":24,"column":45},"end":{"line":24,"column":78}},"line":24},"4":{"name":"(anonymous_4)","decl":{"start":{"line":25,"column":34},"end":{"line":25,"column":35}},"loc":{"start":{"line":25,"column":40},"end":{"line":25,"column":68}},"line":25}},"branchMap":{"0":{"loc":{"start":{"line":40,"column":9},"end":{"line":47,"column":9}},"type":"cond-expr","locations":[{"start":{"line":41,"column":10},"end":{"line":44,"column":13}},{"start":{"line":46,"column":10},"end":{"line":46,"column":68}}],"line":40}},"s":{"0":1,"1":40,"2":40,"3":40,"4":1,"5":40,"6":1,"7":40,"8":1,"9":40,"10":0,"11":40},"f":{"0":40,"1":1,"2":1,"3":1,"4":0},"b":{"0":[34,6]},"_coverageSchema":"1a1c01bbd47fc00a2c39e90264f33305004495a9","hash":"66c3be3135492c65a83a98f90d9bec42fd0e83cd"}
,"/Users/miguelgarcia/projects/CodeChallenge/Femsa/src/screens/Home/components/Card.tsx": {"path":"/Users/miguelgarcia/projects/CodeChallenge/Femsa/src/screens/Home/components/Card.tsx","statementMap":{"0":{"start":{"line":9,"column":13},"end":{"line":18,"column":1}},"1":{"start":{"line":10,"column":2},"end":{"line":17,"column":4}}},"fnMap":{"0":{"name":"(anonymous_0)","decl":{"start":{"line":9,"column":13},"end":{"line":9,"column":14}},"loc":{"start":{"line":9,"column":47},"end":{"line":18,"column":1}},"line":9}},"branchMap":{},"s":{"0":1,"1":22},"f":{"0":22},"b":{},"_coverageSchema":"1a1c01bbd47fc00a2c39e90264f33305004495a9","hash":"f89003eb44c4144d5c8181ac4d8470bf226cb8e6"}
,"/Users/miguelgarcia/projects/CodeChallenge/Femsa/src/screens/Home/components/MovementItem.tsx": {"path":"/Users/miguelgarcia/projects/CodeChallenge/Femsa/src/screens/Home/components/MovementItem.tsx","statementMap":{"0":{"start":{"line":15,"column":21},"end":{"line":60,"column":1}},"1":{"start":{"line":24,"column":2},"end":{"line":59,"column":4}}},"fnMap":{"0":{"name":"(anonymous_0)","decl":{"start":{"line":15,"column":21},"end":{"line":15,"column":22}},"loc":{"start":{"line":23,"column":25},"end":{"line":60,"column":1}},"line":23}},"branchMap":{"0":{"loc":{"start":{"line":48,"column":14},"end":{"line":48,"column":60}},"type":"cond-expr","locations":[{"start":{"line":48,"column":27},"end":{"line":48,"column":43}},{"start":{"line":48,"column":46},"end":{"line":48,"column":60}}],"line":48}},"s":{"0":1,"1":70},"f":{"0":70},"b":{"0":[28,42]},"_coverageSchema":"1a1c01bbd47fc00a2c39e90264f33305004495a9","hash":"a2ddfc889dff908ab9ad62e9d9380f82ad0a2257"}
,"/Users/miguelgarcia/projects/CodeChallenge/Femsa/src/screens/Home/components/MovementsList.tsx": {"path":"/Users/miguelgarcia/projects/CodeChallenge/Femsa/src/screens/Home/components/MovementsList.tsx","statementMap":{"0":{"start":{"line":11,"column":22},"end":{"line":31,"column":1}},"1":{"start":{"line":12,"column":2},"end":{"line":30,"column":4}},"2":{"start":{"line":16,"column":28},"end":{"line":16,"column":35}},"3":{"start":{"line":19,"column":8},"end":{"line":27,"column":10}},"4":{"start":{"line":26,"column":25},"end":{"line":26,"column":46}}},"fnMap":{"0":{"name":"(anonymous_0)","decl":{"start":{"line":11,"column":22},"end":{"line":11,"column":23}},"loc":{"start":{"line":11,"column":70},"end":{"line":31,"column":1}},"line":11},"1":{"name":"(anonymous_1)","decl":{"start":{"line":16,"column":20},"end":{"line":16,"column":21}},"loc":{"start":{"line":16,"column":28},"end":{"line":16,"column":35}},"line":16},"2":{"name":"(anonymous_2)","decl":{"start":{"line":18,"column":18},"end":{"line":18,"column":19}},"loc":{"start":{"line":19,"column":8},"end":{"line":27,"column":10}},"line":19},"3":{"name":"(anonymous_3)","decl":{"start":{"line":26,"column":19},"end":{"line":26,"column":20}},"loc":{"start":{"line":26,"column":25},"end":{"line":26,"column":46}},"line":26}},"branchMap":{},"s":{"0":1,"1":22,"2":70,"3":70,"4":1},"f":{"0":22,"1":70,"2":70,"3":1},"b":{},"_coverageSchema":"1a1c01bbd47fc00a2c39e90264f33305004495a9","hash":"14906c0e8cd76e8c8fa8f642ac675e5ab8bfd342"}
,"/Users/miguelgarcia/projects/CodeChallenge/Femsa/src/services/MovementService.ts": {"path":"/Users/miguelgarcia/projects/CodeChallenge/Femsa/src/services/MovementService.ts","statementMap":{"0":{"start":{"line":6,"column":0},"end":{"line":6,"column":23}},"1":{"start":{"line":12,"column":21},"end":{"line":12,"column":46}},"2":{"start":{"line":13,"column":17},"end":{"line":13,"column":38}},"3":{"start":{"line":15,"column":4},"end":{"line":15,"column":59}},"4":{"start":{"line":15,"column":42},"end":{"line":15,"column":57}},"5":{"start":{"line":19,"column":22},"end":{"line":19,"column":74}},"6":{"start":{"line":21,"column":4},"end":{"line":29,"column":6}}},"fnMap":{"0":{"name":"(anonymous_0)","decl":{"start":{"line":9,"column":2},"end":{"line":9,"column":3}},"loc":{"start":{"line":9,"column":16},"end":{"line":9,"column":18}},"line":9},"1":{"name":"(anonymous_1)","decl":{"start":{"line":11,"column":2},"end":{"line":11,"column":3}},"loc":{"start":{"line":11,"column":47},"end":{"line":16,"column":3}},"line":11},"2":{"name":"(anonymous_2)","decl":{"start":{"line":15,"column":20},"end":{"line":15,"column":21}},"loc":{"start":{"line":15,"column":42},"end":{"line":15,"column":57}},"line":15},"3":{"name":"(anonymous_3)","decl":{"start":{"line":18,"column":2},"end":{"line":18,"column":3}},"loc":{"start":{"line":18,"column":38},"end":{"line":30,"column":3}},"line":18}},"branchMap":{},"s":{"0":1,"1":6,"2":6,"3":6,"4":30,"5":30,"6":30},"f":{"0":6,"1":6,"2":30,"3":30},"b":{},"_coverageSchema":"1a1c01bbd47fc00a2c39e90264f33305004495a9","hash":"134cfe14275b3c42541d39f102b0f8a9f527ad91"}
}
