TN:
SF:src/assets/images/placeholder.png
FNF:0
FNH:0
DA:1,1
LF:1
LH:1
BRF:0
BRH:0
end_of_record
TN:
SF:src/components/Button.tsx
FN:9,(anonymous_0)
FNF:1
FNH:1
FNDA:62,(anonymous_0)
DA:9,1
DA:10,62
LF:2
LH:2
BRF:0
BRH:0
end_of_record
TN:
SF:src/components/Header.tsx
FN:9,(anonymous_0)
FNF:1
FNH:1
FNDA:34,(anonymous_0)
DA:9,1
DA:10,34
LF:2
LH:2
BRF:0
BRH:0
end_of_record
TN:
SF:src/components/Loading.tsx
FN:4,(anonymous_0)
FNF:1
FNH:1
FNDA:24,(anonymous_0)
DA:4,1
DA:5,24
LF:2
LH:2
BRF:0
BRH:0
end_of_record
TN:
SF:src/components/Section.tsx
FN:11,(anonymous_0)
FNF:1
FNH:1
FNDA:68,(anonymous_0)
DA:11,1
DA:12,68
LF:2
LH:2
BRDA:17,0,0,24
BRDA:17,0,1,44
BRF:2
BRH:2
end_of_record
TN:
SF:src/config/index.ts
FNF:0
FNH:0
DA:2,1
LF:1
LH:1
BRF:0
BRH:0
end_of_record
TN:
SF:src/hooks/useMovements.ts
FN:11,(anonymous_0)
FN:18,(anonymous_1)
FN:32,(anonymous_2)
FN:36,(anonymous_3)
FN:38,(anonymous_4)
FN:38,(anonymous_5)
FN:40,(anonymous_6)
FN:40,(anonymous_7)
FN:46,(anonymous_8)
FN:47,(anonymous_9)
FNF:10
FNH:10
FNDA:40,(anonymous_0)
FNDA:6,(anonymous_1)
FNDA:6,(anonymous_2)
FNDA:14,(anonymous_3)
FNDA:1,(anonymous_4)
FNDA:5,(anonymous_5)
FNDA:1,(anonymous_6)
FNDA:5,(anonymous_7)
FNDA:20,(anonymous_8)
FNDA:35,(anonymous_9)
DA:11,1
DA:12,40
DA:13,40
DA:14,40
DA:15,40
DA:16,40
DA:18,40
DA:19,6
DA:20,6
DA:21,6
DA:22,6
DA:24,6
DA:26,0
DA:28,6
DA:32,40
DA:33,6
DA:36,40
DA:37,14
DA:38,5
DA:39,13
DA:40,5
DA:42,12
DA:46,40
DA:47,20
DA:48,35
DA:50,20
DA:53,40
LF:27
LH:26
BRDA:37,0,0,1
BRDA:37,0,1,13
BRDA:39,1,0,1
BRDA:39,1,1,12
BRF:4
BRH:4
end_of_record
TN:
SF:src/screens/Home/index.tsx
FN:15,(anonymous_0)
FN:20,(anonymous_1)
FN:23,(anonymous_2)
FN:24,(anonymous_3)
FN:25,(anonymous_4)
FNF:5
FNH:4
FNDA:40,(anonymous_0)
FNDA:1,(anonymous_1)
FNDA:1,(anonymous_2)
FNDA:1,(anonymous_3)
FNDA:0,(anonymous_4)
DA:15,1
DA:16,40
DA:18,40
DA:20,40
DA:21,1
DA:23,40
DA:24,40
DA:25,40
DA:27,40
LF:9
LH:9
BRDA:40,0,0,34
BRDA:40,0,1,6
BRF:2
BRH:2
end_of_record
TN:
SF:src/screens/Home/components/Card.tsx
FN:9,(anonymous_0)
FNF:1
FNH:1
FNDA:22,(anonymous_0)
DA:9,1
DA:10,22
LF:2
LH:2
BRF:0
BRH:0
end_of_record
TN:
SF:src/screens/Home/components/MovementItem.tsx
FN:15,(anonymous_0)
FNF:1
FNH:1
FNDA:70,(anonymous_0)
DA:15,1
DA:24,70
LF:2
LH:2
BRDA:48,0,0,28
BRDA:48,0,1,42
BRF:2
BRH:2
end_of_record
TN:
SF:src/screens/Home/components/MovementsList.tsx
FN:11,(anonymous_0)
FN:16,(anonymous_1)
FN:18,(anonymous_2)
FN:26,(anonymous_3)
FNF:4
FNH:4
FNDA:22,(anonymous_0)
FNDA:70,(anonymous_1)
FNDA:70,(anonymous_2)
FNDA:1,(anonymous_3)
DA:11,1
DA:12,22
DA:16,70
DA:19,70
DA:26,1
LF:5
LH:5
BRF:0
BRH:0
end_of_record
TN:
SF:src/services/MovementService.ts
FN:9,(anonymous_0)
FN:11,(anonymous_1)
FN:15,(anonymous_2)
FN:18,(anonymous_3)
FNF:4
FNH:4
FNDA:6,(anonymous_0)
FNDA:6,(anonymous_1)
FNDA:30,(anonymous_2)
FNDA:30,(anonymous_3)
DA:6,1
DA:12,6
DA:13,6
DA:15,30
DA:19,30
DA:21,30
LF:6
LH:6
BRF:0
BRH:0
end_of_record
